0 info it worked if it ends with ok
1 verbose cli [ '/usr/bin/node', '/usr/bin/npm', 'i', '--save', 'lodash' ]
2 info using npm@3.5.2
3 info using node@v8.10.0
4 silly loadCurrentTree Starting
5 silly install loadCurrentTree
6 silly install readLocalPackageData
7 silly fetchPackageMetaData lodash
8 silly fetchNamedPackageData lodash
9 silly mapToRegistry name lodash
10 silly mapToRegistry using default registry
11 silly mapToRegistry registry https://registry.npmjs.org/
12 silly mapToRegistry uri https://registry.npmjs.org/lodash
13 verbose request uri https://registry.npmjs.org/lodash
14 verbose request no auth needed
15 info attempt registry request try #1 at 下午10:29:11
16 verbose request id 83a278d3d92816ad
17 http request GET https://registry.npmjs.org/lodash
18 http 200 https://registry.npmjs.org/lodash
19 verbose headers { date: 'Fri, 19 Mar 2021 14:29:12 GMT',
19 verbose headers   'content-type': 'application/json',
19 verbose headers   'transfer-encoding': 'chunked',
19 verbose headers   connection: 'close',
19 verbose headers   'set-cookie':
19 verbose headers    [ '__cfduid=d46f0076b5e7e43b0b636f61d1804573f1616164152; expires=Sun, 18-Apr-21 14:29:12 GMT; path=/; domain=.npmjs.org; HttpOnly; SameSite=Lax' ],
19 verbose headers   'cf-ray': '63276440ba29aeb5-KIX',
19 verbose headers   age: '4538',
19 verbose headers   'cache-control': 'public, max-age=300',
19 verbose headers   etag: 'W/"768dd91bba2c05df38bfbcec52becc79"',
19 verbose headers   'last-modified': 'Sun, 14 Mar 2021 11:57:14 GMT',
19 verbose headers   vary: 'accept-encoding, accept',
19 verbose headers   'cf-cache-status': 'HIT',
19 verbose headers   'cf-request-id': '08ec7cfc710000aeb5f5008000000001',
19 verbose headers   'expect-ct': 'max-age=604800, report-uri="https://report-uri.cloudflare.com/cdn-cgi/beacon/expect-ct"',
19 verbose headers   server: 'cloudflare',
19 verbose headers   'content-encoding': 'gzip' }
20 silly get cb [ 200,
20 silly get   { date: 'Fri, 19 Mar 2021 14:29:12 GMT',
20 silly get     'content-type': 'application/json',
20 silly get     'transfer-encoding': 'chunked',
20 silly get     connection: 'close',
20 silly get     'set-cookie':
20 silly get      [ '__cfduid=d46f0076b5e7e43b0b636f61d1804573f1616164152; expires=Sun, 18-Apr-21 14:29:12 GMT; path=/; domain=.npmjs.org; HttpOnly; SameSite=Lax' ],
20 silly get     'cf-ray': '63276440ba29aeb5-KIX',
20 silly get     age: '4538',
20 silly get     'cache-control': 'public, max-age=300',
20 silly get     etag: 'W/"768dd91bba2c05df38bfbcec52becc79"',
20 silly get     'last-modified': 'Sun, 14 Mar 2021 11:57:14 GMT',
20 silly get     vary: 'accept-encoding, accept',
20 silly get     'cf-cache-status': 'HIT',
20 silly get     'cf-request-id': '08ec7cfc710000aeb5f5008000000001',
20 silly get     'expect-ct': 'max-age=604800, report-uri="https://report-uri.cloudflare.com/cdn-cgi/beacon/expect-ct"',
20 silly get     server: 'cloudflare',
20 silly get     'content-encoding': 'gzip' } ]
21 verbose get saving lodash to /home/y19818/.npm/registry.npmjs.org/lodash/.cache.json
22 silly install normalizeTree
23 silly loadCurrentTree Finishing
24 silly loadIdealTree Starting
25 silly install loadIdealTree
26 silly cloneCurrentTree Starting
27 silly install cloneCurrentTreeToIdealTree
28 silly cloneCurrentTree Finishing
29 silly loadShrinkwrap Starting
30 silly install loadShrinkwrap
31 silly loadShrinkwrap Finishing
32 silly loadAllDepsIntoIdealTree Starting
33 silly install loadAllDepsIntoIdealTree
34 silly resolveWithNewModule lodash@4.17.21 checking installable status
35 silly cache add args [ 'lodash', null ]
36 verbose cache add spec lodash
37 silly cache add parsed spec Result {
37 silly cache add   raw: 'lodash',
37 silly cache add   scope: null,
37 silly cache add   name: 'lodash',
37 silly cache add   rawSpec: '',
37 silly cache add   spec: 'latest',
37 silly cache add   type: 'tag' }
38 silly addNamed lodash@latest
39 verbose addNamed "latest" is being treated as a dist-tag for lodash
40 info addNameTag [ 'lodash', 'latest' ]
41 silly mapToRegistry name lodash
42 silly mapToRegistry using default registry
43 silly mapToRegistry registry https://registry.npmjs.org/
44 silly mapToRegistry uri https://registry.npmjs.org/lodash
45 verbose addNameTag registry:https://registry.npmjs.org/lodash not in flight; fetching
46 verbose get https://registry.npmjs.org/lodash not expired, no request
47 silly addNameTag next cb for lodash with tag latest
48 silly addNamed lodash@4.17.21
49 verbose addNamed "4.17.21" is a plain semver version for lodash
50 silly mapToRegistry name lodash
51 silly mapToRegistry using default registry
52 silly mapToRegistry registry https://registry.npmjs.org/
53 silly mapToRegistry uri https://registry.npmjs.org/lodash
54 verbose addRemoteTarball https://registry.npmjs.org/lodash/-/lodash-4.17.21.tgz not in flight; adding
55 verbose addRemoteTarball [ 'https://registry.npmjs.org/lodash/-/lodash-4.17.21.tgz',
55 verbose addRemoteTarball   '679591c564c3bffaae8454cf0b3df370c3d6911c' ]
56 info retry fetch attempt 1 at 下午10:29:13
57 info attempt registry request try #1 at 下午10:29:13
58 http fetch GET https://registry.npmjs.org/lodash/-/lodash-4.17.21.tgz
59 http fetch 200 https://registry.npmjs.org/lodash/-/lodash-4.17.21.tgz
60 silly fetchAndShaCheck shasum 679591c564c3bffaae8454cf0b3df370c3d6911c
61 verbose addTmpTarball /tmp/npm-26170-9d3a1c63/registry.npmjs.org/lodash/-/lodash-4.17.21.tgz not in flight; adding
62 verbose addTmpTarball already have metadata; skipping unpack for lodash@4.17.21
63 silly cache afterAdd lodash@4.17.21
64 verbose afterAdd /home/y19818/.npm/lodash/4.17.21/package/package.json not in flight; writing
65 verbose afterAdd /home/y19818/.npm/lodash/4.17.21/package/package.json written
66 silly fetchNamedPackageData web3-core-mhykod
67 silly mapToRegistry name web3-core-mhykod
68 silly mapToRegistry using default registry
69 silly mapToRegistry registry https://registry.npmjs.org/
70 silly mapToRegistry uri https://registry.npmjs.org/web3-core-mhykod
71 verbose request uri https://registry.npmjs.org/web3-core-mhykod
72 verbose request no auth needed
73 info attempt registry request try #1 at 下午10:29:15
74 http request GET https://registry.npmjs.org/web3-core-mhykod
75 http 404 https://registry.npmjs.org/web3-core-mhykod
76 verbose headers { date: 'Fri, 19 Mar 2021 14:29:16 GMT',
76 verbose headers   'content-type': 'application/json',
76 verbose headers   'content-length': '21',
76 verbose headers   connection: 'close',
76 verbose headers   'set-cookie':
76 verbose headers    [ '__cfduid=da25f3f599ff9fd08bf51d3f91f4d88921616164156; expires=Sun, 18-Apr-21 14:29:16 GMT; path=/; domain=.npmjs.org; HttpOnly; SameSite=Lax' ],
76 verbose headers   'cf-ray': '63276459acc90a68-KIX',
76 verbose headers   vary: 'Accept-Encoding',
76 verbose headers   'cf-cache-status': 'MISS',
76 verbose headers   'cf-request-id': '08ec7d0c0800000a68958e2000000001',
76 verbose headers   'expect-ct': 'max-age=604800, report-uri="https://report-uri.cloudflare.com/cdn-cgi/beacon/expect-ct"',
76 verbose headers   server: 'cloudflare' }
77 silly get cb [ 404,
77 silly get   { date: 'Fri, 19 Mar 2021 14:29:16 GMT',
77 silly get     'content-type': 'application/json',
77 silly get     'content-length': '21',
77 silly get     connection: 'close',
77 silly get     'set-cookie':
77 silly get      [ '__cfduid=da25f3f599ff9fd08bf51d3f91f4d88921616164156; expires=Sun, 18-Apr-21 14:29:16 GMT; path=/; domain=.npmjs.org; HttpOnly; SameSite=Lax' ],
77 silly get     'cf-ray': '63276459acc90a68-KIX',
77 silly get     vary: 'Accept-Encoding',
77 silly get     'cf-cache-status': 'MISS',
77 silly get     'cf-request-id': '08ec7d0c0800000a68958e2000000001',
77 silly get     'expect-ct': 'max-age=604800, report-uri="https://report-uri.cloudflare.com/cdn-cgi/beacon/expect-ct"',
77 silly get     server: 'cloudflare' } ]
78 silly fetchPackageMetaData Error: Not found : web3-core-mhykod
78 silly fetchPackageMetaData     at makeError (/usr/share/npm/node_modules/npm-registry-client/lib/request.js:264:12)
78 silly fetchPackageMetaData     at CachingRegistryClient.<anonymous> (/usr/share/npm/node_modules/npm-registry-client/lib/request.js:252:14)
78 silly fetchPackageMetaData     at Request._callback (/usr/share/npm/node_modules/npm-registry-client/lib/request.js:172:14)
78 silly fetchPackageMetaData     at Request.self.callback (/usr/share/npm/node_modules/request/request.js:198:22)
78 silly fetchPackageMetaData     at emitTwo (events.js:126:13)
78 silly fetchPackageMetaData     at Request.emit (events.js:214:7)
78 silly fetchPackageMetaData     at Request.<anonymous> (/usr/share/npm/node_modules/request/request.js:1082:10)
78 silly fetchPackageMetaData     at emitOne (events.js:121:20)
78 silly fetchPackageMetaData     at Request.emit (events.js:211:7)
78 silly fetchPackageMetaData     at IncomingMessage.<anonymous> (/usr/share/npm/node_modules/request/request.js:1009:12)
78 silly fetchPackageMetaData  error for web3-core-mhykod@1.0.0-beta.37 { Error: Not found : web3-core-mhykod
78 silly fetchPackageMetaData     at makeError (/usr/share/npm/node_modules/npm-registry-client/lib/request.js:264:12)
78 silly fetchPackageMetaData     at CachingRegistryClient.<anonymous> (/usr/share/npm/node_modules/npm-registry-client/lib/request.js:252:14)
78 silly fetchPackageMetaData     at Request._callback (/usr/share/npm/node_modules/npm-registry-client/lib/request.js:172:14)
78 silly fetchPackageMetaData     at Request.self.callback (/usr/share/npm/node_modules/request/request.js:198:22)
78 silly fetchPackageMetaData     at emitTwo (events.js:126:13)
78 silly fetchPackageMetaData     at Request.emit (events.js:214:7)
78 silly fetchPackageMetaData     at Request.<anonymous> (/usr/share/npm/node_modules/request/request.js:1082:10)
78 silly fetchPackageMetaData     at emitOne (events.js:121:20)
78 silly fetchPackageMetaData     at Request.emit (events.js:211:7)
78 silly fetchPackageMetaData     at IncomingMessage.<anonymous> (/usr/share/npm/node_modules/request/request.js:1009:12) pkgid: 'web3-core-mhykod', statusCode: 404, code: 'E404' }
79 silly rollbackFailedOptional Starting
80 silly rollbackFailedOptional Finishing
81 silly runTopLevelLifecycles Starting
82 silly runTopLevelLifecycles Finishing
83 silly install printInstalled
84 verbose stack Error: Not found : web3-core-mhykod
84 verbose stack     at makeError (/usr/share/npm/node_modules/npm-registry-client/lib/request.js:264:12)
84 verbose stack     at CachingRegistryClient.<anonymous> (/usr/share/npm/node_modules/npm-registry-client/lib/request.js:252:14)
84 verbose stack     at Request._callback (/usr/share/npm/node_modules/npm-registry-client/lib/request.js:172:14)
84 verbose stack     at Request.self.callback (/usr/share/npm/node_modules/request/request.js:198:22)
84 verbose stack     at emitTwo (events.js:126:13)
84 verbose stack     at Request.emit (events.js:214:7)
84 verbose stack     at Request.<anonymous> (/usr/share/npm/node_modules/request/request.js:1082:10)
84 verbose stack     at emitOne (events.js:121:20)
84 verbose stack     at Request.emit (events.js:211:7)
84 verbose stack     at IncomingMessage.<anonymous> (/usr/share/npm/node_modules/request/request.js:1009:12)
85 verbose statusCode 404
86 verbose pkgid web3-core-mhykod
87 verbose cwd /home/y19818/explorer
88 error Linux 5.4.0-67-generic
89 error argv "/usr/bin/node" "/usr/bin/npm" "i" "--save" "lodash"
90 error node v8.10.0
91 error npm  v3.5.2
92 error code E404
93 error 404 Not found : web3-core-mhykod
94 error 404
95 error 404 'web3-core-mhykod' is not in the npm registry.
96 error 404 You should bug the author to publish it (or use the name yourself!)
97 error 404 It was specified as a dependency of 'web3-hyk'
98 error 404 Note that you can also install from a
99 error 404 tarball, folder, http url, or git url.
100 verbose exit [ 1, true ]
